
=== Fri Oct 11 10:09:37 2024

Packages were changed.
Update Mode: mergeDefaultDependencies

The following packages were added:
  com.unity.modules.ai@1.0.0
  com.unity.modules.androidjni@1.0.0
  com.unity.modules.animation@1.0.0
  com.unity.modules.assetbundle@1.0.0
  com.unity.modules.audio@1.0.0
  com.unity.modules.cloth@1.0.0
  com.unity.modules.director@1.0.0
  com.unity.modules.imageconversion@1.0.0
  com.unity.modules.imgui@1.0.0
  com.unity.modules.jsonserialize@1.0.0
  com.unity.modules.particlesystem@1.0.0
  com.unity.modules.physics@1.0.0
  com.unity.modules.physics2d@1.0.0
  com.unity.modules.screencapture@1.0.0
  com.unity.modules.terrain@1.0.0
  com.unity.modules.terrainphysics@1.0.0
  com.unity.modules.tilemap@1.0.0
  com.unity.modules.ui@1.0.0
  com.unity.modules.uielements@1.0.0
  com.unity.modules.umbra@1.0.0
  com.unity.modules.unityanalytics@1.0.0
  com.unity.modules.unitywebrequest@1.0.0
  com.unity.modules.unitywebrequestassetbundle@1.0.0
  com.unity.modules.unitywebrequestaudio@1.0.0
  com.unity.modules.unitywebrequesttexture@1.0.0
  com.unity.modules.unitywebrequestwww@1.0.0
  com.unity.modules.vehicles@1.0.0
  com.unity.modules.video@1.0.0
  com.unity.modules.vr@1.0.0
  com.unity.modules.wind@1.0.0
  com.unity.modules.xr@1.0.0
The following packages were updated:
  com.unity.collab-proxy from version 1.13.5 to 2.2.0
  com.unity.timeline from version 1.6.2 to 1.7.6
  com.unity.visualscripting from version 1.7.6 to 1.9.1

=== Fri Oct 11 10:16:13 2024

Packages were changed.
Update Mode: updateDependencies

The following packages were updated:
  com.unity.burst from version 1.8.4 to 1.8.12
  com.unity.ide.rider from version 3.0.21 to 3.0.27
  com.unity.ide.visualstudio from version 2.0.18 to 2.0.22
  com.unity.inputsystem from version 1.5.1 to 1.7.0
  com.unity.render-pipelines.core from version 14.0.7 to 14.0.10
  com.unity.render-pipelines.universal from version 14.0.7 to 14.0.10
  com.unity.shadergraph from version 14.0.7 to 14.0.10
  com.unity.timeline from version 1.7.4 to 1.7.6
  com.unity.visualscripting from version 1.8.0 to 1.9.1

=== Fri Oct 11 10:16:13 2024

Packages were changed.
Update Mode: mergeDefaultDependencies

The following packages were added:
  com.unity.burst@1.8.12
  com.unity.cinemachine@2.9.5
  com.unity.ext.nunit@1.0.6
  com.unity.ide.rider@3.0.27
  com.unity.ide.visualstudio@2.0.22
  com.unity.ide.vscode@1.2.5
  com.unity.inputsystem@1.7.0
  com.unity.mathematics@1.2.6
  com.unity.render-pipelines.core@14.0.10
  com.unity.render-pipelines.universal@14.0.10
  com.unity.searcher@4.9.2
  com.unity.shadergraph@14.0.10
  com.unity.test-framework@1.1.33
  com.unity.modules.subsystems@1.0.0

=== Fri Oct 11 10:19:54 2024

Packages were changed.
Update Mode: updateDependencies

The following packages were updated:
  com.unity.render-pipelines.core from version 14.0.7 to 14.0.10
  com.unity.render-pipelines.universal from version 14.0.7 to 14.0.10

=== Fri Oct 11 10:19:54 2024

Packages were changed.
Update Mode: mergeDefaultDependencies

The following packages were updated:
  com.unity.cinemachine from version 2.9.5 to 2.10.1
  com.unity.inputsystem from version 1.7.0 to 1.11.0
